<?xml version="1.0" encoding="UTF-8"?>
<!-- Generated by org.testng.reporters.JUnitReportReporter -->
<testsuite hostname="DESKTOP-440KVED" failures="0" tests="2" name="testCases.TC_007_Verify_Menubutton" time="8.809" errors="0" timestamp="2024-05-26T23:27:23 IST" skipped="0">
  <testcase classname="testCases.TC_007_Verify_Menubutton" name="menuButton" time="0.193"/>
  <system-out/>
  <testcase classname="testCases.TC_007_Verify_Menubutton" name="clickAbout" time="8.616"/>
  <system-out/>
</testsuite> <!-- testCases.TC_007_Verify_Menubutton -->
