<?xml version="1.0" encoding="UTF-8"?>
<!-- Generated by org.testng.reporters.JUnitReportReporter -->
<testsuite hostname="DESKTOP-440KVED" failures="0" tests="2" name="testCases.Verify_Checkout_Information_Testcase" time="1.532" errors="0" timestamp="2024-05-26T23:35:22 IST" skipped="0">
  <testcase classname="testCases.Verify_Checkout_Information_Testcase" name="checkoutInformation" time="0.156"/>
  <system-out/>
  <testcase classname="testCases.Verify_Checkout_Information_Testcase" name="fillCheckoutInformation" time="1.376"/>
  <system-out/>
</testsuite> <!-- testCases.Verify_Checkout_Information_Testcase -->
