<?xml version="1.0" encoding="UTF-8"?>
<!-- Generated by org.testng.reporters.JUnitReportReporter -->
<testsuite hostname="DESKTOP-440KVED" failures="0" tests="8" name="testCases.Verify_Logout_Testcase" time="1.342" errors="0" timestamp="2024-05-26T23:35:23 IST" skipped="0">
  <testcase classname="testCases.Verify_Logout_Testcase" name="add1stIteams" time="0.152"/>
  <system-out/>
  <testcase classname="testCases.Verify_Logout_Testcase" name="add2nditeam" time="0.178"/>
  <system-out/>
  <testcase classname="testCases.Verify_Logout_Testcase" name="add3rdIteam" time="0.117"/>
  <system-out/>
  <testcase classname="testCases.Verify_Logout_Testcase" name="add4thIteam" time="0.157"/>
  <system-out/>
  <testcase classname="testCases.Verify_Logout_Testcase" name="add5thIteam" time="0.123"/>
  <system-out/>
  <testcase classname="testCases.Verify_Logout_Testcase" name="add6thIteam" time="0.130"/>
  <system-out/>
  <testcase classname="testCases.Verify_Logout_Testcase" name="resetApp" time="0.301"/>
  <system-out/>
  <testcase classname="testCases.Verify_Logout_Testcase" name="clickLogout" time="0.184"/>
  <system-out/>
</testsuite> <!-- testCases.Verify_Logout_Testcase -->
