<?xml version="1.0" encoding="UTF-8"?>
<!-- Generated by org.testng.reporters.JUnitReportReporter -->
<testsuite hostname="DESKTOP-440KVED" failures="0" tests="4" name="testCases.TC_001_Vreify_Login" time="7.440" errors="0" timestamp="2024-05-20T21:08:18 IST" skipped="0">
  <testcase classname="testCases.TC_001_Vreify_Login" name="loginDatas" time="4.056"/>
  <system-out/>
  <testcase classname="testCases.TC_001_Vreify_Login" name="loginDatas" time="1.092"/>
  <system-out/>
  <testcase classname="testCases.TC_001_Vreify_Login" name="loginDatas" time="1.084"/>
  <system-out/>
  <testcase classname="testCases.TC_001_Vreify_Login" name="loginDatas" time="1.208"/>
  <system-out/>
</testsuite> <!-- testCases.TC_001_Vreify_Login -->
