<?xml version="1.0" encoding="UTF-8"?>
<!-- Generated by org.testng.reporters.JUnitReportReporter -->
<testsuite hostname="DESKTOP-440KVED" failures="0" tests="1" name="testCases.Verify_Filter_Testcase" time="0.186" errors="0" timestamp="2024-05-26T23:35:23 IST" skipped="0">
  <testcase classname="testCases.Verify_Filter_Testcase" name="clickFilterIcon" time="0.186"/>
  <system-out/>
</testsuite> <!-- testCases.Verify_Filter_Testcase -->
