<?xml version="1.0" encoding="UTF-8"?>
<!-- Generated by org.testng.reporters.JUnitReportReporter -->
<testsuite hostname="DESKTOP-440KVED" failures="0" tests="6" name="testCases.TC_002_Verify_Add_ALl_Items" time="1.309" errors="0" timestamp="2024-05-26T23:27:23 IST" skipped="0">
  <testcase classname="testCases.TC_002_Verify_Add_ALl_Items" name="addAllIteams" time="0.486"/>
  <system-out/>
  <testcase classname="testCases.TC_002_Verify_Add_ALl_Items" name="add2nditeam" time="0.221"/>
  <system-out/>
  <testcase classname="testCases.TC_002_Verify_Add_ALl_Items" name="add3rdIteam" time="0.203"/>
  <system-out/>
  <testcase classname="testCases.TC_002_Verify_Add_ALl_Items" name="add4thIteam" time="0.158"/>
  <system-out/>
  <testcase classname="testCases.TC_002_Verify_Add_ALl_Items" name="add5thIteam" time="0.136"/>
  <system-out/>
  <testcase classname="testCases.TC_002_Verify_Add_ALl_Items" name="add6thIteam" time="0.105"/>
  <system-out/>
</testsuite> <!-- testCases.TC_002_Verify_Add_ALl_Items -->
