<?xml version="1.0" encoding="UTF-8"?>
<!-- Generated by org.testng.reporters.JUnitReportReporter -->
<testsuite hostname="DESKTOP-440KVED" failures="0" tests="2" name="testCases.Verify_Menubutton_Testcase" time="20.354" errors="0" timestamp="2024-05-26T23:35:23 IST" skipped="0">
  <testcase classname="testCases.Verify_Menubutton_Testcase" name="menuButton" time="0.177"/>
  <system-out/>
  <testcase classname="testCases.Verify_Menubutton_Testcase" name="clickAbout" time="20.177"/>
  <system-out/>
</testsuite> <!-- testCases.Verify_Menubutton_Testcase -->
