<?xml version="1.0" encoding="UTF-8"?>
<!-- Generated by org.testng.reporters.JUnitReportReporter -->
<testsuite hostname="DESKTOP-440KVED" failures="0" tests="1" name="testCases.Verify_Login_Testcase" time="1.496" errors="0" timestamp="2024-05-26T23:35:23 IST" skipped="0">
  <testcase classname="testCases.Verify_Login_Testcase" name="loginPage" time="1.496"/>
  <system-out/>
</testsuite> <!-- testCases.Verify_Login_Testcase -->
