<?xml version="1.0" encoding="UTF-8"?>
<!-- Generated by org.testng.reporters.JUnitReportReporter -->
<testsuite hostname="DESKTOP-440KVED" failures="0" tests="1" name="selenium.LaunchBrowser" time="11.014" errors="0" timestamp="2024-05-18T20:43:20 IST" skipped="0">
  <testcase classname="selenium.LaunchBrowser" name="launchTheBrowser" time="11.014"/>
  <system-out/>
</testsuite> <!-- selenium.LaunchBrowser -->
