<?xml version="1.0" encoding="UTF-8"?>
<!-- Generated by org.testng.reporters.JUnitReportReporter -->
<testsuite hostname="DESKTOP-440KVED" failures="0" tests="6" name="testCases.Verify_Remove_All_Items_Testcase" time="0.766" errors="0" timestamp="2024-05-26T23:35:23 IST" skipped="0">
  <testcase classname="testCases.Verify_Remove_All_Items_Testcase" name="removeItem1" time="0.146"/>
  <system-out/>
  <testcase classname="testCases.Verify_Remove_All_Items_Testcase" name="removeItem2" time="0.125"/>
  <system-out/>
  <testcase classname="testCases.Verify_Remove_All_Items_Testcase" name="removeItem3" time="0.146"/>
  <system-out/>
  <testcase classname="testCases.Verify_Remove_All_Items_Testcase" name="removeItem4" time="0.116"/>
  <system-out/>
  <testcase classname="testCases.Verify_Remove_All_Items_Testcase" name="removeItem5" time="0.134"/>
  <system-out/>
  <testcase classname="testCases.Verify_Remove_All_Items_Testcase" name="removeItem6" time="0.099"/>
  <system-out/>
</testsuite> <!-- testCases.Verify_Remove_All_Items_Testcase -->
