<?xml version="1.0" encoding="UTF-8"?>
<!-- Generated by org.testng.reporters.JUnitReportReporter -->
<testsuite hostname="DESKTOP-440KVED" failures="0" tests="1" name="testCases.TC_004_Verify_Add_to_Cart_Icon" time="0.260" errors="0" timestamp="2024-05-26T23:27:23 IST" skipped="0">
  <testcase classname="testCases.TC_004_Verify_Add_to_Cart_Icon" name="clickAddToIcon" time="0.260"/>
  <system-out/>
</testsuite> <!-- testCases.TC_004_Verify_Add_to_Cart_Icon -->
