<?xml version="1.0" encoding="UTF-8"?>
<!-- Generated by org.testng.reporters.JUnitReportReporter -->
<testsuite hostname="DESKTOP-440KVED" failures="0" tests="2" name="testCases.TC_006_Verify_Checkout_Information" time="1.796" errors="0" timestamp="2024-05-26T23:27:23 IST" skipped="0">
  <testcase classname="testCases.TC_006_Verify_Checkout_Information" name="checkoutInformation" time="0.198"/>
  <system-out/>
  <testcase classname="testCases.TC_006_Verify_Checkout_Information" name="fillCheckoutInformation" time="1.598"/>
  <system-out/>
</testsuite> <!-- testCases.TC_006_Verify_Checkout_Information -->
