<?xml version="1.0" encoding="UTF-8"?>
<!-- Generated by org.testng.reporters.JUnitReportReporter -->
<testsuite hostname="DESKTOP-440KVED" failures="0" tests="8" name="testCases.TC_008_Verify_Logout" time="5.246" errors="0" timestamp="2024-05-26T23:27:23 IST" skipped="0">
  <testcase classname="testCases.TC_008_Verify_Logout" name="add1stIteams" time="0.606"/>
  <system-out/>
  <testcase classname="testCases.TC_008_Verify_Logout" name="add2nditeam" time="0.207"/>
  <system-out/>
  <testcase classname="testCases.TC_008_Verify_Logout" name="add3rdIteam" time="0.160"/>
  <system-out/>
  <testcase classname="testCases.TC_008_Verify_Logout" name="add4thIteam" time="0.127"/>
  <system-out/>
  <testcase classname="testCases.TC_008_Verify_Logout" name="add5thIteam" time="0.150"/>
  <system-out/>
  <testcase classname="testCases.TC_008_Verify_Logout" name="add6thIteam" time="0.180"/>
  <system-out/>
  <testcase classname="testCases.TC_008_Verify_Logout" name="resetApp" time="0.586"/>
  <system-out/>
  <testcase classname="testCases.TC_008_Verify_Logout" name="clickLogout" time="3.230"/>
  <system-out/>
</testsuite> <!-- testCases.TC_008_Verify_Logout -->
