<?xml version="1.0" encoding="UTF-8"?>
<!-- Generated by org.testng.reporters.JUnitReportReporter -->
<testsuite hostname="DESKTOP-440KVED" failures="0" tests="1" name="testCases.TC_001_Verify_Login" time="1.256" errors="0" timestamp="2024-05-26T23:27:23 IST" skipped="0">
  <testcase classname="testCases.TC_001_Verify_Login" name="loginPage" time="1.256"/>
  <system-out/>
</testsuite> <!-- testCases.TC_001_Verify_Login -->
