<?xml version="1.0" encoding="UTF-8"?>
<!-- Generated by org.testng.reporters.JUnitReportReporter -->
<testsuite hostname="DESKTOP-440KVED" failures="0" tests="1" name="testCases.Verify_Add_to_Cart_Icon_Testcase" time="0.237" errors="0" timestamp="2024-05-26T23:35:22 IST" skipped="0">
  <testcase classname="testCases.Verify_Add_to_Cart_Icon_Testcase" name="clickAddToIcon" time="0.237"/>
  <system-out/>
</testsuite> <!-- testCases.Verify_Add_to_Cart_Icon_Testcase -->
