<?xml version="1.0" encoding="UTF-8"?>
<!-- Generated by org.testng.reporters.JUnitReportReporter -->
<testsuite hostname="DESKTOP-440KVED" failures="0" tests="1" name="testCases.TC_003_Verify_Filter" time="0.210" errors="0" timestamp="2024-05-26T23:27:23 IST" skipped="0">
  <testcase classname="testCases.TC_003_Verify_Filter" name="clickFilterIcon" time="0.210"/>
  <system-out/>
</testsuite> <!-- testCases.TC_003_Verify_Filter -->
