<?xml version="1.0" encoding="UTF-8"?>
<!-- Generated by org.testng.reporters.JUnitReportReporter -->
<testsuite hostname="DESKTOP-440KVED" failures="0" tests="6" name="testCases.Verify_Add_ALl_Items_Testcase" time="1.435" errors="0" timestamp="2024-05-26T23:35:23 IST" skipped="0">
  <testcase classname="testCases.Verify_Add_ALl_Items_Testcase" name="addAllIteams" time="0.388"/>
  <system-out/>
  <testcase classname="testCases.Verify_Add_ALl_Items_Testcase" name="add2nditeam" time="0.362"/>
  <system-out/>
  <testcase classname="testCases.Verify_Add_ALl_Items_Testcase" name="add3rdIteam" time="0.242"/>
  <system-out/>
  <testcase classname="testCases.Verify_Add_ALl_Items_Testcase" name="add4thIteam" time="0.180"/>
  <system-out/>
  <testcase classname="testCases.Verify_Add_ALl_Items_Testcase" name="add5thIteam" time="0.140"/>
  <system-out/>
  <testcase classname="testCases.Verify_Add_ALl_Items_Testcase" name="add6thIteam" time="0.123"/>
  <system-out/>
</testsuite> <!-- testCases.Verify_Add_ALl_Items_Testcase -->
