<?xml version="1.0" encoding="UTF-8"?>
<!-- Generated by org.testng.reporters.JUnitReportReporter -->
<testsuite hostname="DESKTOP-440KVED" failures="0" tests="6" name="testCases.TC_005_Verify_Remove_All_Items" time="0.738" errors="0" timestamp="2024-05-26T23:27:23 IST" skipped="0">
  <testcase classname="testCases.TC_005_Verify_Remove_All_Items" name="removeItem1" time="0.148"/>
  <system-out/>
  <testcase classname="testCases.TC_005_Verify_Remove_All_Items" name="removeItem2" time="0.124"/>
  <system-out/>
  <testcase classname="testCases.TC_005_Verify_Remove_All_Items" name="removeItem3" time="0.121"/>
  <system-out/>
  <testcase classname="testCases.TC_005_Verify_Remove_All_Items" name="removeItem4" time="0.117"/>
  <system-out/>
  <testcase classname="testCases.TC_005_Verify_Remove_All_Items" name="removeItem5" time="0.120"/>
  <system-out/>
  <testcase classname="testCases.TC_005_Verify_Remove_All_Items" name="removeItem6" time="0.108"/>
  <system-out/>
</testsuite> <!-- testCases.TC_005_Verify_Remove_All_Items -->
